[2026-01-08 19:11:03] [INIT] Starting Cognitive Capital Data Pipeline...
[2026-01-08 19:11:03] [INFO] Project Root: B:\Descargas\analise-capital-cognitivo-brasil
[2026-01-08 19:11:03] [INFO] Log File: B:\Descargas\analise-capital-cognitivo-brasil\logs\pipeline_execution_20260108_191103.log
[2026-01-08 19:11:03] [SEP] ============================================================
[2026-01-08 19:11:03] [START] Running: src/cog/01_process_saeb_historical.py
[INFO] Processando DADOS/TS_ESCOLA.csv...
[ERROR] Colunas críticas não encontradas no ano 2015. Header: ['ID_PROVA_BRASIL,ID_UF,ID_MUNICIPIO,ID_ESCOLA,IN_PUBLICA,ID_LOCALIZACAO,PC_FORMACAO_DOCENTE_INICIAL,PC_FORMACAO_DOCENTE_FINAL,NIVEL_SOCIO_ECONOMICO,NU_MATRICULADOS_CENSO_5EF,NU_PRESENTES_5EF,TAXA_PARTICIPACAO_5EF,NIVEL_0_LP5,NIVEL_1_LP5,NIVEL_2_LP5,NIVEL_3_LP5,NIVEL_4_LP5,NIVEL_5_LP5,NIVEL_6_LP5,NIVEL_7_LP5,NIVEL_8_LP5,NIVEL_9_LP5,NIVEL_0_MT5,NIVEL_1_MT5,NIVEL_2_MT5,NIVEL_3_MT5,NIVEL_4_MT5,NIVEL_5_MT5,NIVEL_6_MT5,NIVEL_7_MT5,NIVEL_8_MT5,NIVEL_9_MT5,NIVEL_10_MT5,NU_MATRICULADOS_CENSO_9EF,NU_PRESENTES_9EF,TAXA_PARTICIPACAO_9EF,NIVEL_0_LP9,NIVEL_1_LP9,NIVEL_2_LP9,NIVEL_3_LP9,NIVEL_4_LP9,NIVEL_5_LP9,NIVEL_6_LP9,NIVEL_7_LP9,NIVEL_8_LP9,NIVEL_0_MT9,NIVEL_1_MT9,NIVEL_2_MT9,NIVEL_3_MT9,NIVEL_4_MT9,NIVEL_5_MT9,NIVEL_6_MT9,NIVEL_7_MT9,NIVEL_8_MT9,NIVEL_9_MT9,MEDIA_5EF_LP,MEDIA_5EF_MT,MEDIA_9EF_LP,MEDIA_9EF_MT,IN_PREENCHIMENTO_QUESTIONARIO,TX_RESP_Q007,TX_RESP_Q008,TX_RESP_Q009,TX_RESP_Q010,TX_RESP_Q011,TX_RESP_Q012,TX_RESP_Q013,TX_RESP_Q014,TX_RESP_Q015,TX_RESP_Q016,TX_RESP_Q017,TX_RESP_Q018,TX_RESP_Q019,TX_RESP_Q020,TX_RESP_Q021,TX_RESP_Q022,TX_RESP_Q023,TX_RESP_Q024,TX_RESP_Q025,TX_RESP_Q026,TX_RESP_Q027,TX_RESP_Q028,TX_RESP_Q029,TX_RESP_Q030,TX_RESP_Q031,TX_RESP_Q032,TX_RESP_Q033,TX_RESP_Q034,TX_RESP_Q035,TX_RESP_Q036,TX_RESP_Q037,TX_RESP_Q038,TX_RESP_Q039,TX_RESP_Q040,TX_RESP_Q041,TX_RESP_Q042,TX_RESP_Q043,TX_RESP_Q044,TX_RESP_Q045,TX_RESP_Q046,TX_RESP_Q047,TX_RESP_Q048,TX_RESP_Q049,TX_RESP_Q050,TX_RESP_Q051,TX_RESP_Q052,TX_RESP_Q053,TX_RESP_Q054,TX_RESP_Q055,TX_RESP_Q056,TX_RESP_Q057,TX_RESP_Q058,TX_RESP_Q059,TX_RESP_Q060,TX_RESP_Q061,TX_RESP_Q062,TX_RESP_Q063,TX_RESP_Q064,TX_RESP_Q065,TX_RESP_Q066,TX_RESP_Q067,TX_RESP_Q068,TX_RESP_Q069,TX_RESP_Q070,TX_RESP_Q071,TX_RESP_Q072,TX_RESP_Q073,TX_RESP_Q074']
[INFO] Processando DADOS/TS_ESCOLA.csv...
[ERROR] Colunas críticas não encontradas no ano 2017. Header: ['ID_PROVA_BRASIL,ID_UF,ID_MUNICIPIO,ID_ESCOLA,IN_PUBLICA,ID_LOCALIZACAO,PC_FORMACAO_DOCENTE_INICIAL,PC_FORMACAO_DOCENTE_FINAL,PC_FORMACAO_DOCENTE_MEDIO,NIVEL_SOCIO_ECONOMICO,NU_MATRICULADOS_CENSO_5EF,NU_PRESENTES_5EF,TAXA_PARTICIPACAO_5EF,NIVEL_0_LP5,NIVEL_1_LP5,NIVEL_2_LP5,NIVEL_3_LP5,NIVEL_4_LP5,NIVEL_5_LP5,NIVEL_6_LP5,NIVEL_7_LP5,NIVEL_8_LP5,NIVEL_9_LP5,NIVEL_0_MT5,NIVEL_1_MT5,NIVEL_2_MT5,NIVEL_3_MT5,NIVEL_4_MT5,NIVEL_5_MT5,NIVEL_6_MT5,NIVEL_7_MT5,NIVEL_8_MT5,NIVEL_9_MT5,NIVEL_10_MT5,NU_MATRICULADOS_CENSO_9EF,NU_PRESENTES_9EF,TAXA_PARTICIPACAO_9EF,NIVEL_0_LP9,NIVEL_1_LP9,NIVEL_2_LP9,NIVEL_3_LP9,NIVEL_4_LP9,NIVEL_5_LP9,NIVEL_6_LP9,NIVEL_7_LP9,NIVEL_8_LP9,NIVEL_0_MT9,NIVEL_1_MT9,NIVEL_2_MT9,NIVEL_3_MT9,NIVEL_4_MT9,NIVEL_5_MT9,NIVEL_6_MT9,NIVEL_7_MT9,NIVEL_8_MT9,NIVEL_9_MT9,NU_MATRICULADOS_CENSO_3EM,NU_PRESENTES_3EM,TAXA_PARTICIPACAO_3EM,NIVEL_0_LP3,NIVEL_1_LP3,NIVEL_2_LP3,NIVEL_3_LP3,NIVEL_4_LP3,NIVEL_5_LP3,NIVEL_6_LP3,NIVEL_7_LP3,NIVEL_8_LP3,NIVEL_0_MT3,NIVEL_1_MT3,NIVEL_2_MT3,NIVEL_3_MT3,NIVEL_4_MT3,NIVEL_5_MT3,NIVEL_6_MT3,NIVEL_7_MT3,NIVEL_8_MT3,NIVEL_9_MT3,NIVEL_10_MT3,MEDIA_5EF_LP,MEDIA_5EF_MT,MEDIA_9EF_LP,MEDIA_9EF_MT,MEDIA_3EM_LP,MEDIA_3EM_MT,IN_PREENCHIMENTO_QUESTIONARIO,TX_RESP_Q007,TX_RESP_Q008,TX_RESP_Q009,TX_RESP_Q010,TX_RESP_Q011,TX_RESP_Q012,TX_RESP_Q013,TX_RESP_Q014,TX_RESP_Q015,TX_RESP_Q016,TX_RESP_Q017,TX_RESP_Q018,TX_RESP_Q019,TX_RESP_Q020,TX_RESP_Q021,TX_RESP_Q022,TX_RESP_Q023,TX_RESP_Q024,TX_RESP_Q025,TX_RESP_Q026,TX_RESP_Q027,TX_RESP_Q028,TX_RESP_Q029,TX_RESP_Q030,TX_RESP_Q031,TX_RESP_Q032,TX_RESP_Q033,TX_RESP_Q034,TX_RESP_Q035,TX_RESP_Q036,TX_RESP_Q037,TX_RESP_Q038,TX_RESP_Q039,TX_RESP_Q040,TX_RESP_Q041,TX_RESP_Q042,TX_RESP_Q043,TX_RESP_Q044,TX_RESP_Q045,TX_RESP_Q046,TX_RESP_Q047,TX_RESP_Q048,TX_RESP_Q049,TX_RESP_Q050,TX_RESP_Q051,TX_RESP_Q052,TX_RESP_Q053,TX_RESP_Q054,TX_RESP_Q055,TX_RESP_Q056,TX_RESP_Q057,TX_RESP_Q058,TX_RESP_Q059,TX_RESP_Q060,TX_RESP_Q061,TX_RESP_Q062,TX_RESP_Q063,TX_RESP_Q064,TX_RESP_Q065,TX_RESP_Q066,TX_RESP_Q067,TX_RESP_Q068,TX_RESP_Q069,TX_RESP_Q070,TX_RESP_Q071,TX_RESP_Q072,TX_RESP_Q073,TX_RESP_Q074']

[2026-01-08 19:11:05] [SUCCESS] Finished: src/cog/01_process_saeb_historical.py (1.06s)
[2026-01-08 19:11:05] [SEP] ============================================================
[2026-01-08 19:11:05] [START] Running: src/cog/01_process_saeb_2023_uf_region.py
[INFO] Reading ZIP: microdados_saeb_2023.zip
       - Found target: MICRODADOS_SAEB_2023/DADOS/TS_ESCOLA.csv
[INFO] Processing data...
[ENGINEERING] CSV Saved: B:\Descargas\analise-capital-cognitivo-brasil\data\processed\saeb_2023_states.csv
[ANALYTICS] Excel Saved: B:\Descargas\analise-capital-cognitivo-brasil\reports\varcog\xlsx\saeb_2023_states.xlsx
[INFO] Generating Chart...
       - Image saved: B:\Descargas\analise-capital-cognitivo-brasil\reports\graficos\ranking_saeb_2023.png

[2026-01-08 19:11:09] [SUCCESS] Finished: src/cog/01_process_saeb_2023_uf_region.py (4.33s)
[2026-01-08 19:11:09] [SEP] ============================================================
[2026-01-08 19:11:09] [START] Running: src/cog/02_process_pisa_2015_uf_region.py
[INFO] Loading PISA 2015: CY6_MS_CMB_STU_QQQ.sav
       - Brazil rows found: 23141
[INFO] Mapping States and Regions...
[WARNING] 10517 rows unmapped. Sample Stratum: BRA - stratum 49: 49 SÃO PAULO\MODAL GRADE
[SUCCESS] CSV Saved: B:\Descargas\analise-capital-cognitivo-brasil\reports\varcog\data\processed\pisa_2015_states.csv
[SUCCESS] Excel Saved: B:\Descargas\analise-capital-cognitivo-brasil\reports\varcog\xlsx\pisa_2015_states.xlsx

--- FIRST 10 ROWS (Sorted by Score) ---
       Region  UF  Math_Mean  Read_Mean  Science_Mean  Cognitive_Global_Mean
5       North  AM     416.91     457.58        449.97                 441.49
7       North  PA     414.69     450.77        441.79                 435.75
23  Southeast  MG     417.91     448.74        437.14                 434.60
15  Northeast  PB     394.91     430.92        421.86                 415.90
20      South  PR     400.31     422.83        423.50                 415.55
10      North  TO     390.39     424.49        416.94                 410.61
13  Northeast  CE     386.41     422.33        412.28                 407.01
25  Southeast  SP     388.04     419.18        411.67                 406.30
8       North  RO     389.09     416.43        412.16                 405.89
14  Northeast  MA     380.31     411.67        404.62                 398.87

--- REGIONAL SUMMARY ---
             Cognitive_Global_Mean
Region                            
Southeast               411.836667
North                   390.050000
South                   376.496667
Northeast               373.492222
Center-West             362.485000

[2026-01-08 19:11:19] [SUCCESS] Finished: src/cog/02_process_pisa_2015_uf_region.py (9.89s)
[2026-01-08 19:11:19] [SEP] ============================================================
[2026-01-08 19:11:19] [START] Running: src/cog/02_process_pisa_2018_region.py
[INFO] Loading PISA 2015: CY07_MSU_STU_QQQ.sav
       - Brazil rows found: 10691
[INFO] Mapping States and Regions...
[WARNING] 6287 rows unmapped. Sample Stratum: BRA - stratum 06: Northeast,Public State
[SUCCESS] CSV Saved: B:\Descargas\analise-capital-cognitivo-brasil\reports\varcog\data\processed\pisa_2018_regional_summary.csv
[SUCCESS] Excel Saved: B:\Descargas\analise-capital-cognitivo-brasil\reports\varcog\xlsx\pisa_2018_regional_summary.xlsx

--- FIRST 10 ROWS (Sorted by Score) ---
  Region  UF  Math_Mean  Read_Mean  Science_Mean  Cognitive_Global_Mean
0  North  AC     496.79     528.02        516.72                 513.84
6  North  TO     476.46     519.29        505.96                 500.57
1  North  AM     485.90     499.74        493.20                 492.94
2  North  AP     471.42     509.78        495.47                 492.22
5  North  RR     378.09     413.67        403.44                 398.40
3  North  PA     338.22     362.98        359.84                 353.68
4  North  RO     324.60     351.72        338.98                 338.43

--- REGIONAL SUMMARY ---
        Cognitive_Global_Mean
Region                       
North                  441.44

[2026-01-08 19:11:32] [SUCCESS] Finished: src/cog/02_process_pisa_2018_region.py (12.94s)
[2026-01-08 19:11:32] [SEP] ============================================================
[2026-01-08 19:11:32] [START] Running: src/cog/02_process_pisa_2022_region.py
[INFO] Loading PISA 2022: CY08MSP_STU_QQQ.sav
       - Brazil rows found: 10798
[INFO] Aggregating by Macro-Region...
[SUCCESS] CSV Saved: B:\Descargas\analise-capital-cognitivo-brasil\reports\varcog\data\processed\pisa_2022_regional_summary.csv
[SUCCESS] Excel Saved: B:\Descargas\analise-capital-cognitivo-brasil\reports\varcog\xlsx\pisa_2022_regional_summary.xlsx

--- REGIONAL SUMMARY (Sorted by Score) ---
     Region  Student_Count  Math_Mean  Read_Mean  Science_Mean  Cognitive_Global_Mean
      South           1570     394.25     432.74        423.17                 416.72
  Southeast           4382     390.44     424.80        417.04                 410.76
Center-West            886     382.47     423.03        409.93                 405.14
  Northeast           2952     362.90     395.55        386.94                 381.80
      North           1008     363.23     392.68        387.24                 381.05

[2026-01-08 19:11:48] [SUCCESS] Finished: src/cog/02_process_pisa_2022_region.py (16.11s)
[2026-01-08 19:11:48] [SEP] ============================================================
[2026-01-08 19:11:48] [START] Running: src/cog/04_process_enem_historical.py
[INFO] Processing ENEM 2015...
   [ERROR] UF column not found in 2015. Header sample: ['NU_INSCRICAO', 'NU_ANO', 'TP_FAIXA_ETARIA', 'TP_SEXO', 'TP_ESTADO_CIVIL']
[INFO] Processing ENEM 2018...
   [ERROR] UF column not found in 2018. Header sample: ['NU_INSCRICAO', 'NU_ANO', 'TP_FAIXA_ETARIA', 'TP_SEXO', 'TP_ESTADO_CIVIL']

[2026-01-08 19:11:49] [SUCCESS] Finished: src/cog/04_process_enem_historical.py (1.03s)
[2026-01-08 19:11:49] [SEP] ============================================================
[2026-01-08 19:11:49] [START] Running: src/cog/04_process_enem_triennium.py
[INFO] Starting ENEM Triennium Processing...

[INFO] Processing year 2022...
       - Target file: DADOS/MICRODADOS_ENEM_2022.csv (1.57 GB)
       - Processing chunk 0...
[ENGINEERING] Saved processed CSV: B:\Descargas\analise-capital-cognitivo-brasil\data\processed\enem_table_2022.csv
[ANALYTICS] Saved Excel Report: B:\Descargas\analise-capital-cognitivo-brasil\reports\varcog\xlsx\enem_table_2022.xlsx

[INFO] Processing year 2023...
       - Target file: DADOS/MICRODADOS_ENEM_2023.csv (1.78 GB)
       - Processing chunk 0...
[ENGINEERING] Saved processed CSV: B:\Descargas\analise-capital-cognitivo-brasil\data\processed\enem_table_2023.csv
[ANALYTICS] Saved Excel Report: B:\Descargas\analise-capital-cognitivo-brasil\reports\varcog\xlsx\enem_table_2023.xlsx

[INFO] Processing year 2024...
       - Target file: DADOS/RESULTADOS_2024.csv (1.68 GB)
       - Processing chunk 0...
[ENGINEERING] Saved processed CSV: B:\Descargas\analise-capital-cognitivo-brasil\data\processed\enem_table_2024.csv
[ANALYTICS] Saved Excel Report: B:\Descargas\analise-capital-cognitivo-brasil\reports\varcog\xlsx\enem_table_2024.xlsx

[INFO] National summary saved to B:\Descargas\analise-capital-cognitivo-brasil\data\processed\enem_national_summary.csv

[INFO] Starting Consolidation (Triennium State Analysis)...
[ENGINEERING] Consolidated CSV saved: B:\Descargas\analise-capital-cognitivo-brasil\data\processed\enem_consolidated_states_triennium.csv
[ANALYTICS] Consolidated Excel saved: B:\Descargas\analise-capital-cognitivo-brasil\reports\varcog\xlsx\enem_consolidated_states_triennium.xlsx

--- TOP 5 STATES (Triennium) ---
     Region UF  Triennium_Mean  Mean_2022  Mean_2023  Mean_2024
  Southeast SP      565.148779 565.673664 564.922074 564.850599
  Southeast MG      564.600099 567.015650 565.139710 561.644938
      South SC      561.569404 561.517577 559.620816 563.569819
Center-West DF      560.828655 560.530279 558.867516 563.088171
  Southeast ES      556.790595 556.814680 556.553018 557.004086

[2026-01-08 19:12:36] [SUCCESS] Finished: src/cog/04_process_enem_triennium.py (47.22s)
[2026-01-08 19:12:36] [SEP] ============================================================
[2026-01-08 19:12:36] [START] Running: src/cog/03_consolidate_longitudinal_panel.py
[INFO] Building Master Panel from Processed Data...
   > Assembling Wave 2015...
   > Assembling Wave 2018...
   > Assembling Wave 2022...
[SUCCESS] Master Panel Created with 27 rows.

[2026-01-08 19:12:38] [SUCCESS] Finished: src/cog/03_consolidate_longitudinal_panel.py (1.69s)
[2026-01-08 19:12:38] [SEP] ============================================================
[2026-01-08 19:12:38] [START] Running: src/cog/05_correlate_pearson_spearman.py
[INFO] Starting Correlation Analysis...
[INFO] Loading data from: B:\Descargas\analise-capital-cognitivo-brasil\data\processed\panel_longitudinal_waves.csv
[INFO] Variables selected: ['WAVE', 'SAEB_SCORE', 'ENEM_SCORE']
[ANALYTICS] Calculating Pearson Matrix...
[ANALYTICS] Calculating Spearman Matrix...
[SUCCESS] Analysis complete. Reports saved in reports/varcog/

[STDERR]
B:\Descargas\analise-capital-cognitivo-brasil\src\cog\05_correlate_pearson_spearman.py:27: ConstantInputWarning: An input array is constant; the correlation coefficient is not defined.
  pvalues[r][c] = round(pearsonr(df[r], df[c])[1], 4)

[2026-01-08 19:12:43] [SUCCESS] Finished: src/cog/05_correlate_pearson_spearman.py (5.49s)
[2026-01-08 19:12:43] [SEP] ============================================================
[2026-01-08 19:12:43] [START] Running: src/cog/06_visualize_correlations.py
[INFO] Loading and Aggregating Data...
[ERROR] File not found: B:\Descargas\analise-capital-cognitivo-brasil\reports\varcog\csv\pisa_2022_regional_summary.csv

[2026-01-08 19:12:47] [SUCCESS] Finished: src/cog/06_visualize_correlations.py (3.26s)
[2026-01-08 19:12:47] [SEP] ============================================================
[2026-01-08 19:12:47] [SUMMARY] PIPELINE EXECUTION SUMMARY
[2026-01-08 19:12:47] [INFO] Total Scripts Queued: 10
[2026-01-08 19:12:47] [INFO] Successful:          10
[2026-01-08 19:12:47] [INFO] Failed/Skipped:      0
[2026-01-08 19:12:47] [INFO] Total Time:          1.72 minutes
